[main 6c693f2] Reporte automático 2026-02-17_00-45-00
 4 files changed, 298 insertions(+)
 create mode 100644 cron.log
 create mode 100644 report_2026-02-17_00-45-00.html
 create mode 100755 server_report.sh
 create mode 100644 server_report.sh:Zone.Identifier
remote: error: GH013: Repository rule violations found for refs/heads/main.        
remote: 
remote: - GITHUB PUSH PROTECTION        
remote:   —————————————————————————————————————————        
remote:     Resolve the following violations before pushing again        
remote: 
remote:     - Push cannot contain secrets        
remote: 
remote:             
remote:      (?) Learn how to resolve a blocked push        
remote:      https://docs.github.com/code-security/secret-scanning/working-with-secret-scanning-and-push-protection/working-with-push-protection-from-the-command-line#resolving-a-blocked-push        
remote:             
remote:             
remote:       —— GitHub Personal Access Token ——————————————————————        
remote:        locations:        
remote:          - commit: 6c693f2fa09723163c3f341e663c8890dfdadefe        
remote:            path: server_report.sh:159        
remote:             
remote:        (?) To push, remove secret from commit(s) or follow this URL to allow the secret.        
remote:        https://github.com/cesar17gs/server-monitoring/security/secret-scanning/unblock-secret/39moeTGQ8FynWQ16HkCxsFECjrU        
remote:             
remote: 
remote: 
To github.com:cesar17gs/server-monitoring.git
 ! [remote rejected] main -> main (push declined due to repository rule violations)
error: failed to push some refs to 'github.com:cesar17gs/server-monitoring.git'
[main b813109] Reporte automático 2026-02-17_00-50-00
 2 files changed, 140 insertions(+), 3 deletions(-)
 create mode 100644 report_2026-02-17_00-50-00.html
remote: error: GH013: Repository rule violations found for refs/heads/main.        
remote: 
remote: - GITHUB PUSH PROTECTION        
remote:   —————————————————————————————————————————        
remote:     Resolve the following violations before pushing again        
remote: 
remote:     - Push cannot contain secrets        
remote: 
remote:             
remote:      (?) Learn how to resolve a blocked push        
remote:      https://docs.github.com/code-security/secret-scanning/working-with-secret-scanning-and-push-protection/working-with-push-protection-from-the-command-line#resolving-a-blocked-push        
remote:             
remote:             
remote:       —— GitHub Personal Access Token ——————————————————————        
remote:        locations:        
remote:          - commit: 6c693f2fa09723163c3f341e663c8890dfdadefe        
remote:            path: server_report.sh:159        
remote:             
remote:        (?) To push, remove secret from commit(s) or follow this URL to allow the secret.        
remote:        https://github.com/cesar17gs/server-monitoring/security/secret-scanning/unblock-secret/39moeTGQ8FynWQ16HkCxsFECjrU        
remote:             
remote: 
remote: 
To github.com:cesar17gs/server-monitoring.git
 ! [remote rejected] main -> main (push declined due to repository rule violations)
error: failed to push some refs to 'github.com:cesar17gs/server-monitoring.git'
[main f7a17fa] Reporte automático 2026-02-17_00-55-01
 1 file changed, 139 insertions(+)
 create mode 100644 report_2026-02-17_00-55-01.html
To github.com:cesar17gs/server-monitoring.git
   b89cec1..f7a17fa  main -> main
[main 60632d5] Reporte automático 2026-02-17_01-00-00
 2 files changed, 144 insertions(+)
 create mode 100644 report_2026-02-17_01-00-00.html
To github.com:cesar17gs/server-monitoring.git
   f7a17fa..60632d5  main -> main
[main 65ae729] Reporte automático 2026-02-17_01-05-00
 18 files changed, 12 insertions(+), 1514 deletions(-)
 delete mode 100644 report_2026-02-16_20-26-16.html
 delete mode 100644 report_2026-02-16_20-37-17.html
 delete mode 100644 report_2026-02-16_20-54-08.html
 delete mode 100644 report_2026-02-16_20-56-27.html
 delete mode 100644 report_2026-02-16_21-00-35.html
 delete mode 100644 report_2026-02-16_23-41-50.html
 delete mode 100644 report_2026-02-16_23-46-38.html
 delete mode 100644 report_2026-02-16_23-50-10.html
 delete mode 100644 report_2026-02-17_00-17-26.html
 delete mode 100644 report_2026-02-17_00-19-04.html
 delete mode 100644 report_2026-02-17_00-36-08.html
 delete mode 100644 report_2026-02-17_00-45-00.html
 delete mode 100644 report_2026-02-17_00-47-10.html
 delete mode 100644 report_2026-02-17_00-50-00.html
 delete mode 100644 report_2026-02-17_00-55-01.html
 delete mode 100644 report_2026-02-17_01-00-00.html
 rename report_2026-02-17_00-47-48.html => report_2026-02-17_01-05-00.html (90%)
To github.com:cesar17gs/server-monitoring.git
   60632d5..65ae729  main -> main
[main f49a51b] Reporte automático 2026-02-20_22-05-01
 1 file changed, 139 insertions(+)
 create mode 100644 report_2026-02-20_22-05-01.html
To github.com:cesar17gs/server-monitoring.git
   d97abe9..f49a51b  main -> main
[main ad01da7] Reporte automático 2026-02-20_22-10-00
 2 files changed, 144 insertions(+)
 create mode 100644 report_2026-02-20_22-10-00.html
To github.com:cesar17gs/server-monitoring.git
   f49a51b..ad01da7  main -> main
