[main 613322c] Reporte automático 2026-02-20_22-20-00
 4 files changed, 144 insertions(+)
 create mode 100644 logs/cron.log
 create mode 100644 report_2026-02-20_22-20-00.html
 rename server_report.sh => scripts/server_report.sh (100%)
To github.com:cesar17gs/cloud-native-server-monitoring.git
   84f3617..613322c  main -> main
[main b4e077f] Reporte automático 2026-02-20_22-25-01
 1 file changed, 139 insertions(+)
 create mode 100644 report_2026-02-20_22-25-01.html
To github.com:cesar17gs/cloud-native-server-monitoring.git
   092a5f2..b4e077f  main -> main
[main f12046b] Reporte automático 2026-02-20_22-30-01
 2 files changed, 144 insertions(+)
 create mode 100644 report_2026-02-20_22-30-01.html
To github.com:cesar17gs/cloud-native-server-monitoring.git
   b4e077f..f12046b  main -> main
[main 96a083e] Reporte automático 2026-02-20_22-35-01
 2 files changed, 144 insertions(+)
 create mode 100644 report_2026-02-20_22-35-01.html
To github.com:cesar17gs/cloud-native-server-monitoring.git
   f12046b..96a083e  main -> main
[main f88ae0a] Reporte automático 2026-02-20_22-40-01
 2 files changed, 144 insertions(+)
 create mode 100644 report_2026-02-20_22-40-01.html
To github.com:cesar17gs/cloud-native-server-monitoring.git
   96a083e..f88ae0a  main -> main
[main 22b2e2d] Reporte automático 2026-02-20_22-45-00
 2 files changed, 144 insertions(+)
 create mode 100644 report_2026-02-20_22-45-00.html
To github.com:cesar17gs/cloud-native-server-monitoring.git
   f88ae0a..22b2e2d  main -> main
